C:\USERS\ADMIN\DESKTOP\KINECTSONARROBOT\KINECTSONARROBOT\KINECTSONARROBOT\DEBUG\DEMO.OBJ
C:\USERS\ADMIN\DESKTOP\KINECTSONARROBOT\KINECTSONARROBOT\KINECTSONARROBOT\DEBUG\VC110.PDB
C:\USERS\ADMIN\DESKTOP\KINECTSONARROBOT\KINECTSONARROBOT\DEBUG\KINECTSONARROBOT.ILK
C:\USERS\ADMIN\DESKTOP\KINECTSONARROBOT\KINECTSONARROBOT\DEBUG\KINECTSONARROBOT.EXE
C:\USERS\ADMIN\DESKTOP\KINECTSONARROBOT\KINECTSONARROBOT\DEBUG\KINECTSONARROBOT.PDB
C:\Users\admin\Desktop\KinectSonarRobot\KinectSonarRobot\KinectSonarRobot\Debug\demo.obj
C:\Users\admin\Desktop\KinectSonarRobot\KinectSonarRobot\KinectSonarRobot\Debug\cl.command.1.tlog
C:\Users\admin\Desktop\KinectSonarRobot\KinectSonarRobot\KinectSonarRobot\Debug\CL.read.1.tlog
C:\Users\admin\Desktop\KinectSonarRobot\KinectSonarRobot\KinectSonarRobot\Debug\CL.write.1.tlog
C:\Users\admin\Desktop\KinectSonarRobot\KinectSonarRobot\KinectSonarRobot\Debug\link-cvtres.read.1.tlog
C:\Users\admin\Desktop\KinectSonarRobot\KinectSonarRobot\KinectSonarRobot\Debug\link-cvtres.write.1.tlog
C:\Users\admin\Desktop\KinectSonarRobot\KinectSonarRobot\KinectSonarRobot\Debug\link-rc.read.1.tlog
C:\Users\admin\Desktop\KinectSonarRobot\KinectSonarRobot\KinectSonarRobot\Debug\link-rc.write.1.tlog
C:\Users\admin\Desktop\KinectSonarRobot\KinectSonarRobot\KinectSonarRobot\Debug\link.1168-cvtres.read.1.tlog
C:\Users\admin\Desktop\KinectSonarRobot\KinectSonarRobot\KinectSonarRobot\Debug\link.1168-cvtres.write.1.tlog
C:\Users\admin\Desktop\KinectSonarRobot\KinectSonarRobot\KinectSonarRobot\Debug\link.1168-rc.read.1.tlog
C:\Users\admin\Desktop\KinectSonarRobot\KinectSonarRobot\KinectSonarRobot\Debug\link.1168-rc.write.1.tlog
C:\Users\admin\Desktop\KinectSonarRobot\KinectSonarRobot\KinectSonarRobot\Debug\link.1168.read.1.tlog
C:\Users\admin\Desktop\KinectSonarRobot\KinectSonarRobot\KinectSonarRobot\Debug\link.1168.write.1.tlog
C:\Users\admin\Desktop\KinectSonarRobot\KinectSonarRobot\KinectSonarRobot\Debug\link.4364-cvtres.read.1.tlog
C:\Users\admin\Desktop\KinectSonarRobot\KinectSonarRobot\KinectSonarRobot\Debug\link.4364-cvtres.write.1.tlog
C:\Users\admin\Desktop\KinectSonarRobot\KinectSonarRobot\KinectSonarRobot\Debug\link.4364-rc.read.1.tlog
C:\Users\admin\Desktop\KinectSonarRobot\KinectSonarRobot\KinectSonarRobot\Debug\link.4364-rc.write.1.tlog
C:\Users\admin\Desktop\KinectSonarRobot\KinectSonarRobot\KinectSonarRobot\Debug\link.4364.read.1.tlog
C:\Users\admin\Desktop\KinectSonarRobot\KinectSonarRobot\KinectSonarRobot\Debug\link.4364.write.1.tlog
C:\Users\admin\Desktop\KinectSonarRobot\KinectSonarRobot\KinectSonarRobot\Debug\link.4920-cvtres.read.1.tlog
C:\Users\admin\Desktop\KinectSonarRobot\KinectSonarRobot\KinectSonarRobot\Debug\link.4920-cvtres.write.1.tlog
C:\Users\admin\Desktop\KinectSonarRobot\KinectSonarRobot\KinectSonarRobot\Debug\link.4920-rc.read.1.tlog
C:\Users\admin\Desktop\KinectSonarRobot\KinectSonarRobot\KinectSonarRobot\Debug\link.4920-rc.write.1.tlog
C:\Users\admin\Desktop\KinectSonarRobot\KinectSonarRobot\KinectSonarRobot\Debug\link.4920.read.1.tlog
C:\Users\admin\Desktop\KinectSonarRobot\KinectSonarRobot\KinectSonarRobot\Debug\link.4920.write.1.tlog
C:\Users\admin\Desktop\KinectSonarRobot\KinectSonarRobot\KinectSonarRobot\Debug\link.command.1.tlog
C:\Users\admin\Desktop\KinectSonarRobot\KinectSonarRobot\KinectSonarRobot\Debug\link.read.1.tlog
C:\Users\admin\Desktop\KinectSonarRobot\KinectSonarRobot\KinectSonarRobot\Debug\link.write.1.tlog
C:\Users\admin\Desktop\KinectSonarRobot\KinectSonarRobot\KinectSonarRobot\Debug\vc110.idb
C:\Users\admin\Desktop\KinectSonarRobot\KinectSonarRobot\KinectSonarRobot\Debug\vc110.pdb
C:\Users\admin\Desktop\KinectSonarRobot\KinectSonarRobot\Debug\KinectSonarRobot.pdb
C:\Users\admin\Desktop\KinectSonarRobot\KinectSonarRobot\Debug\KinectSonarRobot.exe
C:\Users\admin\Desktop\KinectSonarRobot\KinectSonarRobot\Debug\KinectSonarRobot.ilk
